<?xml version="1.0" encoding="UTF-8"?>
<!-- Generated by org.testng.reporters.JUnitXMLReporter -->
<testsuite ignored="0" hostname="MD" failures="0" tests="4" name="Test1" time="12.15" errors="0" timestamp="2025-10-13T15:10:34 BST">
  <testcase classname="testScripts.LoginTest" name="verifyLoginWithValidCredentials" time="1.42"/>
  <testcase classname="testScripts.LoginTest" name="verifyLoginWithInvalidCredentials" time="0.474"/>
  <testcase classname="testScripts.LoginTest" name="verifyLoginValidUserNameInvalidPassword" time="0.656"/>
  <testcase classname="testScripts.LoginTest" name="verifyLoginInvalidUserNameValidPassword" time="0.507"/>
</testsuite> <!-- Test1 -->
