<?xml version="1.0" encoding="UTF-8"?>
<!-- Generated by org.testng.reporters.JUnitXMLReporter -->
<testsuite ignored="0" hostname="MD" failures="0" tests="4" name="Test1" time="14.062" errors="0" timestamp="2025-10-13T15:17:47 BST">
  <testcase classname="testScripts.LoginTest" name="verifyLoginWithValidCredentials" time="1.287"/>
  <testcase classname="testScripts.LoginTest" name="verifyLoginWithInvalidCredentials" time="0.416"/>
  <testcase classname="testScripts.LoginTest" name="verifyLoginValidUserNameInvalidPassword" time="0.54"/>
  <testcase classname="testScripts.LoginTest" name="verifyLoginInvalidUserNameValidPassword" time="0.619"/>
</testsuite> <!-- Test1 -->
