<?xml version="1.0" encoding="UTF-8"?>
<!-- Generated by org.testng.reporters.JUnitXMLReporter -->
<testsuite ignored="2" hostname="MD" failures="0" tests="2" name="Test" time="4.163" errors="0" timestamp="2025-10-13T11:32:38 BST">
  <testcase classname="testScripts.LoginTest" name="verifyLoginWithValidCredentials" time="0.966"/>
  <testcase classname="testScripts.LoginTest" name="verifyLoginWithInvalidCredentials" time="0.421"/>
  <testcase classname="testScripts.LoginTest" name="verifyLoginValidUserNameInvalidPassword" time="0.0">
    <ignored/>
  </testcase> <!-- verifyLoginValidUserNameInvalidPassword -->
  <testcase classname="testScripts.LoginTest" name="verifyLoginInvalidUserNameValidPassword" time="0.0">
    <ignored/>
  </testcase> <!-- verifyLoginInvalidUserNameValidPassword -->
</testsuite> <!-- Test -->
