<?xml version="1.0" encoding="UTF-8"?>
<!-- Generated by org.testng.reporters.JUnitXMLReporter -->
<testsuite ignored="1" hostname="MD" failures="0" tests="1" name="Test" time="4.283" errors="0" timestamp="2025-10-14T18:11:28 BST">
  <testcase classname="testScripts.ManagenewsTest" name="verifyUserIsAbleCreateNewNews" time="2.064"/>
  <testcase classname="testScripts.ManagenewsTest" name="verifyUserIsAbleSearchNews" time="0.0">
    <ignored/>
  </testcase> <!-- verifyUserIsAbleSearchNews -->
</testsuite> <!-- Test -->
