<?xml version="1.0" encoding="UTF-8"?>
<!-- Generated by org.testng.reporters.JUnitXMLReporter -->
<testsuite ignored="0" hostname="MD" failures="0" tests="11" name="Test" time="47.293" errors="0" timestamp="2025-10-16T15:58:40 BST">
  <testcase classname="testScripts.LoginTest" name="verifyLoginWithValidCredentials" time="1.53"/>
  <testcase classname="testScripts.LoginTest" name="verifyLoginWithInvalidCredentials" time="0.641"/>
  <testcase classname="testScripts.LoginTest" name="verifyLoginValidUserNameInvalidPassword" time="0.55"/>
  <testcase classname="testScripts.LoginTest" name="verifyLoginInvalidUserNameValidPassword" time="0.487"/>
  <testcase classname="testScripts.LoginTest" name="verifyLoginInvalidUserNameValidPassword" time="0.787"/>
  <testcase classname="testScripts.HomeTest" name="verifyLogoutUponClickingLogout" time="2.211"/>
  <testcase classname="testScripts.AdminUsersTest" name="verifyUserIsAbleToAddNewUser" time="5.136"/>
  <testcase classname="testScripts.AdminUsersTest" name="verifyUserIsAbleToReset" time="2.945"/>
  <testcase classname="testScripts.AdminUsersTest" name="verifyUserIsAbleToSearchUser" time="3.234"/>
  <testcase classname="testScripts.ManagenewsTest" name="verifyUserIsAbleCreateNewNews" time="2.873"/>
  <testcase classname="testScripts.ManagenewsTest" name="verifyUserIsAbleSearchNews" time="2.334"/>
</testsuite> <!-- Test -->
