<?xml version="1.0" encoding="UTF-8"?>
<testng-results ignored="0" total="1" passed="1" failed="0" skipped="0">
  <reporter-output>
  </reporter-output>
  <suite started-at="2025-10-06T03:34:33 BST" name="Default suite" finished-at="2025-10-06T03:34:39 BST" duration-ms="5504">
    <groups>
    </groups>
    <test started-at="2025-10-06T03:34:33 BST" name="Default test" finished-at="2025-10-06T03:34:39 BST" duration-ms="5504">
      <class name="testScripts.AdminUsersTest">
        <test-method is-config="true" signature="initializeBrowser()[pri:0, instance:testScripts.AdminUsersTest@459e9125]" started-at="2025-10-06T03:34:33 BST" name="initializeBrowser" finished-at="2025-10-06T03:34:36 BST" duration-ms="2817" status="PASS">
          <reporter-output>
          </reporter-output>
        </test-method> <!-- initializeBrowser -->
        <test-method signature="verifyUserIsAbleToSearchUser()[pri:0, instance:testScripts.AdminUsersTest@459e9125]" started-at="2025-10-06T03:34:36 BST" name="verifyUserIsAbleToSearchUser" finished-at="2025-10-06T03:34:39 BST" duration-ms="2654" status="PASS">
          <reporter-output>
          </reporter-output>
        </test-method> <!-- verifyUserIsAbleToSearchUser -->
        <test-method is-config="true" signature="driverQuit(org.testng.ITestResult)[pri:0, instance:testScripts.AdminUsersTest@459e9125]" started-at="2025-10-06T03:34:39 BST" name="driverQuit" finished-at="2025-10-06T03:34:39 BST" duration-ms="2" status="PASS">
          <params>
            <param index="0">
              <value>
                <![CDATA[[TestResult name=verifyUserIsAbleToSearchUser status=SUCCESS method=AdminUsersTest.verifyUserIsAbleToSearchUser()[pri:0, instance:testScripts.AdminUsersTest@459e9125] output={null}]]]>
              </value>
            </param>
          </params>
          <reporter-output>
          </reporter-output>
        </test-method> <!-- driverQuit -->
      </class> <!-- testScripts.AdminUsersTest -->
    </test> <!-- Default test -->
  </suite> <!-- Default suite -->
</testng-results>
