<?xml version="1.0" encoding="UTF-8"?>
<testng-results ignored="0" total="11" passed="11" failed="0" skipped="0">
  <reporter-output>
  </reporter-output>
  <suite started-at="2025-10-20T09:32:33 BST" name="Suite" finished-at="2025-10-20T09:33:04 BST" duration-ms="30549">
    <groups>
      <group name="smoke">
        <method signature="LoginTest.verifyLoginWithValidCredentials()[pri:1, instance:testScripts.LoginTest@78452606]" name="verifyLoginWithValidCredentials" class="testScripts.LoginTest"/>
        <method signature="LoginTest.verifyLoginWithInvalidCredentials()[pri:2, instance:testScripts.LoginTest@78452606]" name="verifyLoginWithInvalidCredentials" class="testScripts.LoginTest"/>
      </group> <!-- smoke -->
    </groups>
    <test started-at="2025-10-20T09:32:33 BST" name="Test" finished-at="2025-10-20T09:33:04 BST" duration-ms="30549">
      <class name="testScripts.AdminUsersTest">
        <test-method is-config="true" signature="initializeBrowser(java.lang.String)[pri:0, instance:testScripts.AdminUsersTest@22f59fa]" started-at="2025-10-20T09:32:49 BST" name="initializeBrowser" finished-at="2025-10-20T09:32:50 BST" duration-ms="1454" status="PASS">
          <params>
            <param index="0">
              <value>
                <![CDATA[Chrome]]>
              </value>
            </param>
          </params>
          <reporter-output>
          </reporter-output>
        </test-method> <!-- initializeBrowser -->
        <test-method signature="verifyUserIsAbleToAddNewUser()[pri:0, instance:testScripts.AdminUsersTest@22f59fa]" started-at="2025-10-20T09:32:50 BST" name="verifyUserIsAbleToAddNewUser" finished-at="2025-10-20T09:32:52 BST" duration-ms="2101" status="PASS">
          <reporter-output>
          </reporter-output>
        </test-method> <!-- verifyUserIsAbleToAddNewUser -->
        <test-method is-config="true" signature="driverQuit(org.testng.ITestResult)[pri:0, instance:testScripts.AdminUsersTest@22f59fa]" started-at="2025-10-20T09:32:52 BST" name="driverQuit" finished-at="2025-10-20T09:32:52 BST" duration-ms="114" status="PASS">
          <params>
            <param index="0">
              <value>
                <![CDATA[[TestResult name=verifyUserIsAbleToAddNewUser status=SUCCESS method=AdminUsersTest.verifyUserIsAbleToAddNewUser()[pri:0, instance:testScripts.AdminUsersTest@22f59fa] output={null}]]]>
              </value>
            </param>
          </params>
          <reporter-output>
          </reporter-output>
        </test-method> <!-- driverQuit -->
        <test-method is-config="true" signature="initializeBrowser(java.lang.String)[pri:0, instance:testScripts.AdminUsersTest@22f59fa]" started-at="2025-10-20T09:32:52 BST" name="initializeBrowser" finished-at="2025-10-20T09:32:54 BST" duration-ms="1338" status="PASS">
          <params>
            <param index="0">
              <value>
                <![CDATA[Chrome]]>
              </value>
            </param>
          </params>
          <reporter-output>
          </reporter-output>
        </test-method> <!-- initializeBrowser -->
        <test-method signature="verifyUserIsAbleToReset()[pri:0, instance:testScripts.AdminUsersTest@22f59fa]" started-at="2025-10-20T09:32:54 BST" name="verifyUserIsAbleToReset" finished-at="2025-10-20T09:32:55 BST" duration-ms="1263" status="PASS">
          <reporter-output>
          </reporter-output>
        </test-method> <!-- verifyUserIsAbleToReset -->
        <test-method is-config="true" signature="driverQuit(org.testng.ITestResult)[pri:0, instance:testScripts.AdminUsersTest@22f59fa]" started-at="2025-10-20T09:32:55 BST" name="driverQuit" finished-at="2025-10-20T09:32:55 BST" duration-ms="113" status="PASS">
          <params>
            <param index="0">
              <value>
                <![CDATA[[TestResult name=verifyUserIsAbleToReset status=SUCCESS method=AdminUsersTest.verifyUserIsAbleToReset()[pri:0, instance:testScripts.AdminUsersTest@22f59fa] output={null}]]]>
              </value>
            </param>
          </params>
          <reporter-output>
          </reporter-output>
        </test-method> <!-- driverQuit -->
        <test-method is-config="true" signature="initializeBrowser(java.lang.String)[pri:0, instance:testScripts.AdminUsersTest@22f59fa]" started-at="2025-10-20T09:32:55 BST" name="initializeBrowser" finished-at="2025-10-20T09:32:56 BST" duration-ms="1310" status="PASS">
          <params>
            <param index="0">
              <value>
                <![CDATA[Chrome]]>
              </value>
            </param>
          </params>
          <reporter-output>
          </reporter-output>
        </test-method> <!-- initializeBrowser -->
        <test-method signature="verifyUserIsAbleToSearchUser()[pri:0, instance:testScripts.AdminUsersTest@22f59fa]" started-at="2025-10-20T09:32:56 BST" name="verifyUserIsAbleToSearchUser" finished-at="2025-10-20T09:32:58 BST" duration-ms="1491" status="PASS">
          <reporter-output>
          </reporter-output>
        </test-method> <!-- verifyUserIsAbleToSearchUser -->
        <test-method is-config="true" signature="driverQuit(org.testng.ITestResult)[pri:0, instance:testScripts.AdminUsersTest@22f59fa]" started-at="2025-10-20T09:32:58 BST" name="driverQuit" finished-at="2025-10-20T09:32:58 BST" duration-ms="131" status="PASS">
          <params>
            <param index="0">
              <value>
                <![CDATA[[TestResult name=verifyUserIsAbleToSearchUser status=SUCCESS method=AdminUsersTest.verifyUserIsAbleToSearchUser()[pri:0, instance:testScripts.AdminUsersTest@22f59fa] output={null}]]]>
              </value>
            </param>
          </params>
          <reporter-output>
          </reporter-output>
        </test-method> <!-- driverQuit -->
      </class> <!-- testScripts.AdminUsersTest -->
      <class name="testScripts.HomeTest">
        <test-method is-config="true" signature="initializeBrowser(java.lang.String)[pri:0, instance:testScripts.HomeTest@5f9edf14]" started-at="2025-10-20T09:32:46 BST" name="initializeBrowser" finished-at="2025-10-20T09:32:47 BST" duration-ms="1209" status="PASS">
          <params>
            <param index="0">
              <value>
                <![CDATA[Chrome]]>
              </value>
            </param>
          </params>
          <reporter-output>
          </reporter-output>
        </test-method> <!-- initializeBrowser -->
        <test-method signature="verifyLogoutUponClickingLogout()[pri:1, instance:testScripts.HomeTest@5f9edf14]" started-at="2025-10-20T09:32:47 BST" name="verifyLogoutUponClickingLogout" description="User is trying to logout" finished-at="2025-10-20T09:32:48 BST" duration-ms="1093" status="PASS">
          <reporter-output>
          </reporter-output>
        </test-method> <!-- verifyLogoutUponClickingLogout -->
        <test-method is-config="true" signature="driverQuit(org.testng.ITestResult)[pri:0, instance:testScripts.HomeTest@5f9edf14]" started-at="2025-10-20T09:32:48 BST" name="driverQuit" finished-at="2025-10-20T09:32:49 BST" duration-ms="143" status="PASS">
          <params>
            <param index="0">
              <value>
                <![CDATA[[TestResult name=verifyLogoutUponClickingLogout status=SUCCESS method=HomeTest.verifyLogoutUponClickingLogout()[pri:1, instance:testScripts.HomeTest@5f9edf14] output={null}]]]>
              </value>
            </param>
          </params>
          <reporter-output>
          </reporter-output>
        </test-method> <!-- driverQuit -->
      </class> <!-- testScripts.HomeTest -->
      <class name="testScripts.ManagenewsTest">
        <test-method is-config="true" signature="initializeBrowser(java.lang.String)[pri:0, instance:testScripts.ManagenewsTest@78fa769e]" started-at="2025-10-20T09:32:58 BST" name="initializeBrowser" finished-at="2025-10-20T09:32:59 BST" duration-ms="1269" status="PASS">
          <params>
            <param index="0">
              <value>
                <![CDATA[Chrome]]>
              </value>
            </param>
          </params>
          <reporter-output>
          </reporter-output>
        </test-method> <!-- initializeBrowser -->
        <test-method signature="verifyUserIsAbleCreateNewNews()[pri:0, instance:testScripts.ManagenewsTest@78fa769e]" started-at="2025-10-20T09:32:59 BST" name="verifyUserIsAbleCreateNewNews" finished-at="2025-10-20T09:33:01 BST" duration-ms="1467" status="PASS">
          <reporter-output>
          </reporter-output>
        </test-method> <!-- verifyUserIsAbleCreateNewNews -->
        <test-method is-config="true" signature="driverQuit(org.testng.ITestResult)[pri:0, instance:testScripts.ManagenewsTest@78fa769e]" started-at="2025-10-20T09:33:01 BST" name="driverQuit" finished-at="2025-10-20T09:33:01 BST" duration-ms="63" status="PASS">
          <params>
            <param index="0">
              <value>
                <![CDATA[[TestResult name=verifyUserIsAbleCreateNewNews status=SUCCESS method=ManagenewsTest.verifyUserIsAbleCreateNewNews()[pri:0, instance:testScripts.ManagenewsTest@78fa769e] output={null}]]]>
              </value>
            </param>
          </params>
          <reporter-output>
          </reporter-output>
        </test-method> <!-- driverQuit -->
        <test-method is-config="true" signature="initializeBrowser(java.lang.String)[pri:0, instance:testScripts.ManagenewsTest@78fa769e]" started-at="2025-10-20T09:33:01 BST" name="initializeBrowser" finished-at="2025-10-20T09:33:02 BST" duration-ms="1368" status="PASS">
          <params>
            <param index="0">
              <value>
                <![CDATA[Chrome]]>
              </value>
            </param>
          </params>
          <reporter-output>
          </reporter-output>
        </test-method> <!-- initializeBrowser -->
        <test-method signature="verifyUserIsAbleSearchNews()[pri:0, instance:testScripts.ManagenewsTest@78fa769e]" started-at="2025-10-20T09:33:02 BST" name="verifyUserIsAbleSearchNews" finished-at="2025-10-20T09:33:03 BST" duration-ms="1339" status="PASS">
          <reporter-output>
          </reporter-output>
        </test-method> <!-- verifyUserIsAbleSearchNews -->
        <test-method is-config="true" signature="driverQuit(org.testng.ITestResult)[pri:0, instance:testScripts.ManagenewsTest@78fa769e]" started-at="2025-10-20T09:33:03 BST" name="driverQuit" finished-at="2025-10-20T09:33:04 BST" duration-ms="114" status="PASS">
          <params>
            <param index="0">
              <value>
                <![CDATA[[TestResult name=verifyUserIsAbleSearchNews status=SUCCESS method=ManagenewsTest.verifyUserIsAbleSearchNews()[pri:0, instance:testScripts.ManagenewsTest@78fa769e] output={null}]]]>
              </value>
            </param>
          </params>
          <reporter-output>
          </reporter-output>
        </test-method> <!-- driverQuit -->
      </class> <!-- testScripts.ManagenewsTest -->
      <class name="testScripts.LoginTest">
        <test-method is-config="true" signature="initializeBrowser(java.lang.String)[pri:0, instance:testScripts.LoginTest@78452606]" started-at="2025-10-20T09:32:33 BST" name="initializeBrowser" finished-at="2025-10-20T09:32:37 BST" duration-ms="3527" status="PASS">
          <params>
            <param index="0">
              <value>
                <![CDATA[Chrome]]>
              </value>
            </param>
          </params>
          <reporter-output>
          </reporter-output>
        </test-method> <!-- initializeBrowser -->
        <test-method signature="verifyLoginWithValidCredentials()[pri:1, instance:testScripts.LoginTest@78452606]" started-at="2025-10-20T09:32:37 BST" name="verifyLoginWithValidCredentials" description="verifying login with valid credentials" finished-at="2025-10-20T09:32:38 BST" duration-ms="1830" status="PASS">
          <reporter-output>
          </reporter-output>
        </test-method> <!-- verifyLoginWithValidCredentials -->
        <test-method is-config="true" signature="driverQuit(org.testng.ITestResult)[pri:0, instance:testScripts.LoginTest@78452606]" started-at="2025-10-20T09:32:38 BST" name="driverQuit" finished-at="2025-10-20T09:32:38 BST" duration-ms="86" status="PASS">
          <params>
            <param index="0">
              <value>
                <![CDATA[[TestResult name=verifyLoginWithValidCredentials status=SUCCESS method=LoginTest.verifyLoginWithValidCredentials()[pri:1, instance:testScripts.LoginTest@78452606] output={null}]]]>
              </value>
            </param>
          </params>
          <reporter-output>
          </reporter-output>
        </test-method> <!-- driverQuit -->
        <test-method is-config="true" signature="initializeBrowser(java.lang.String)[pri:0, instance:testScripts.LoginTest@78452606]" started-at="2025-10-20T09:32:38 BST" name="initializeBrowser" finished-at="2025-10-20T09:32:40 BST" duration-ms="1693" status="PASS">
          <params>
            <param index="0">
              <value>
                <![CDATA[Chrome]]>
              </value>
            </param>
          </params>
          <reporter-output>
          </reporter-output>
        </test-method> <!-- initializeBrowser -->
        <test-method signature="verifyLoginWithInvalidCredentials()[pri:2, instance:testScripts.LoginTest@78452606]" started-at="2025-10-20T09:32:40 BST" name="verifyLoginWithInvalidCredentials" description="verifying login with invalid credentials" finished-at="2025-10-20T09:32:41 BST" duration-ms="453" status="PASS">
          <reporter-output>
          </reporter-output>
        </test-method> <!-- verifyLoginWithInvalidCredentials -->
        <test-method is-config="true" signature="driverQuit(org.testng.ITestResult)[pri:0, instance:testScripts.LoginTest@78452606]" started-at="2025-10-20T09:32:41 BST" name="driverQuit" finished-at="2025-10-20T09:32:41 BST" duration-ms="114" status="PASS">
          <params>
            <param index="0">
              <value>
                <![CDATA[[TestResult name=verifyLoginWithInvalidCredentials status=SUCCESS method=LoginTest.verifyLoginWithInvalidCredentials()[pri:2, instance:testScripts.LoginTest@78452606] output={null}]]]>
              </value>
            </param>
          </params>
          <reporter-output>
          </reporter-output>
        </test-method> <!-- driverQuit -->
        <test-method is-config="true" signature="initializeBrowser(java.lang.String)[pri:0, instance:testScripts.LoginTest@78452606]" started-at="2025-10-20T09:32:41 BST" name="initializeBrowser" finished-at="2025-10-20T09:32:42 BST" duration-ms="1265" status="PASS">
          <params>
            <param index="0">
              <value>
                <![CDATA[Chrome]]>
              </value>
            </param>
          </params>
          <reporter-output>
          </reporter-output>
        </test-method> <!-- initializeBrowser -->
        <test-method signature="verifyLoginValidUserNameInvalidPassword()[pri:3, instance:testScripts.LoginTest@78452606]" started-at="2025-10-20T09:32:42 BST" name="verifyLoginValidUserNameInvalidPassword" description="verifying login with valid username and invalid password" finished-at="2025-10-20T09:32:42 BST" duration-ms="455" status="PASS">
          <reporter-output>
          </reporter-output>
        </test-method> <!-- verifyLoginValidUserNameInvalidPassword -->
        <test-method is-config="true" signature="driverQuit(org.testng.ITestResult)[pri:0, instance:testScripts.LoginTest@78452606]" started-at="2025-10-20T09:32:42 BST" name="driverQuit" finished-at="2025-10-20T09:32:43 BST" duration-ms="120" status="PASS">
          <params>
            <param index="0">
              <value>
                <![CDATA[[TestResult name=verifyLoginValidUserNameInvalidPassword status=SUCCESS method=LoginTest.verifyLoginValidUserNameInvalidPassword()[pri:3, instance:testScripts.LoginTest@78452606] output={null}]]]>
              </value>
            </param>
          </params>
          <reporter-output>
          </reporter-output>
        </test-method> <!-- driverQuit -->
        <test-method is-config="true" signature="initializeBrowser(java.lang.String)[pri:0, instance:testScripts.LoginTest@78452606]" started-at="2025-10-20T09:32:43 BST" name="initializeBrowser" finished-at="2025-10-20T09:32:44 BST" duration-ms="1266" status="PASS">
          <params>
            <param index="0">
              <value>
                <![CDATA[Chrome]]>
              </value>
            </param>
          </params>
          <reporter-output>
          </reporter-output>
        </test-method> <!-- initializeBrowser -->
        <test-method signature="verifyLoginInvalidUserNameValidPassword(java.lang.String,java.lang.String)[pri:4, instance:testScripts.LoginTest@78452606]" started-at="2025-10-20T09:32:44 BST" name="verifyLoginInvalidUserNameValidPassword" description="verifying login with valid username and invalid password" data-provider="loginProvider" finished-at="2025-10-20T09:32:44 BST" duration-ms="422" status="PASS">
          <params>
            <param index="0">
              <value>
                <![CDATA[admin]]>
              </value>
            </param>
            <param index="1">
              <value>
                <![CDATA[admin22]]>
              </value>
            </param>
          </params>
          <reporter-output>
          </reporter-output>
        </test-method> <!-- verifyLoginInvalidUserNameValidPassword -->
        <test-method is-config="true" signature="driverQuit(org.testng.ITestResult)[pri:0, instance:testScripts.LoginTest@78452606]" started-at="2025-10-20T09:32:44 BST" name="driverQuit" finished-at="2025-10-20T09:32:44 BST" duration-ms="76" status="PASS">
          <params>
            <param index="0">
              <value>
                <![CDATA[[TestResult name=verifyLoginInvalidUserNameValidPassword status=SUCCESS method=LoginTest.verifyLoginInvalidUserNameValidPassword(java.lang.String,java.lang.String)[pri:4, instance:testScripts.LoginTest@78452606] output={null}]]]>
              </value>
            </param>
          </params>
          <reporter-output>
          </reporter-output>
        </test-method> <!-- driverQuit -->
        <test-method is-config="true" signature="initializeBrowser(java.lang.String)[pri:0, instance:testScripts.LoginTest@78452606]" started-at="2025-10-20T09:32:44 BST" name="initializeBrowser" finished-at="2025-10-20T09:32:46 BST" duration-ms="1209" status="PASS">
          <params>
            <param index="0">
              <value>
                <![CDATA[Chrome]]>
              </value>
            </param>
          </params>
          <reporter-output>
          </reporter-output>
        </test-method> <!-- initializeBrowser -->
        <test-method signature="verifyLoginInvalidUserNameValidPassword(java.lang.String,java.lang.String)[pri:4, instance:testScripts.LoginTest@78452606]" started-at="2025-10-20T09:32:46 BST" name="verifyLoginInvalidUserNameValidPassword" description="verifying login with valid username and invalid password" data-provider="loginProvider" finished-at="2025-10-20T09:32:46 BST" duration-ms="467" status="PASS">
          <params>
            <param index="0">
              <value>
                <![CDATA[admin123]]>
              </value>
            </param>
            <param index="1">
              <value>
                <![CDATA[123]]>
              </value>
            </param>
          </params>
          <reporter-output>
          </reporter-output>
        </test-method> <!-- verifyLoginInvalidUserNameValidPassword -->
        <test-method is-config="true" signature="driverQuit(org.testng.ITestResult)[pri:0, instance:testScripts.LoginTest@78452606]" started-at="2025-10-20T09:32:46 BST" name="driverQuit" finished-at="2025-10-20T09:32:46 BST" duration-ms="101" status="PASS">
          <params>
            <param index="0">
              <value>
                <![CDATA[[TestResult name=verifyLoginInvalidUserNameValidPassword status=SUCCESS method=LoginTest.verifyLoginInvalidUserNameValidPassword(java.lang.String,java.lang.String)[pri:4, instance:testScripts.LoginTest@78452606] output={null}]]]>
              </value>
            </param>
          </params>
          <reporter-output>
          </reporter-output>
        </test-method> <!-- driverQuit -->
      </class> <!-- testScripts.LoginTest -->
    </test> <!-- Test -->
  </suite> <!-- Suite -->
</testng-results>
